<?xml version="1.0" encoding="UTF-8" ?>
<testsuite tests="14" failures="0" name="com.springprj.www.repository.TVDAOTest" time="0.45" errors="1" skipped="0">
  <properties>
[...]
</properties>
  <testcase classname="com.springprj.www.repository.TVDAOTest" name="getReviewedTVList" time="0.112"/>
  <testcase classname="com.springprj.www.repository.TVDAOTest" name="updateRating" time="0.022"/>
  <testcase classname="com.springprj.www.repository.TVDAOTest" name="updateReview" time="0.03">
    <error message="nested exception is org.apache.ibatis.exceptions.TooManyResultsException: Expected one result (or null) to be returned by selectOne(), but found: 3" type="org.mybatis.spring.MyBatisSystemException">org.mybatis.spring.MyBatisSystemException: nested exception is org.apache.ibatis.exceptions.TooManyResultsException: Expected one result (or null) to be returned by selectOne(), but found: 3
	at org.mybatis.spring.MyBatisExceptionTranslator.translateExceptionIfPossible(MyBatisExceptionTranslator.java:77)
	at org.mybatis.spring.SqlSessionTemplate$SqlSessionInterceptor.invoke(SqlSessionTemplate.java:446)
	at com.sun.proxy.$Proxy33.selectOne(Unknown Source)
	at org.mybatis.spring.SqlSessionTemplate.selectOne(SqlSessionTemplate.java:166)
	at org.apache.ibatis.binding.MapperMethod.execute(MapperMethod.java:87)
	at org.apache.ibatis.binding.MapperProxy$PlainMethodInvoker.invoke(MapperProxy.java:145)
	at org.apache.ibatis.binding.MapperProxy.invoke(MapperProxy.java:86)
	at com.sun.proxy.$Proxy36.selectOneTVReview(Unknown Source)
	at com.springprj.www.repository.TVDAOTest.updateReview(TVDAOTest.java:67)
	at java.base/jdk.internal.reflect.NativeMethodAccessorImpl.invoke0(Native Method)
	at java.base/jdk.internal.reflect.NativeMethodAccessorImpl.invoke(NativeMethodAccessorImpl.java:62)
	at java.base/jdk.internal.reflect.DelegatingMethodAccessorImpl.invoke(DelegatingMethodAccessorImpl.java:43)
	at java.base/java.lang.reflect.Method.invoke(Method.java:566)
	at org.junit.runners.model.FrameworkMethod$1.runReflectiveCall(FrameworkMethod.java:59)
	at org.junit.internal.runners.model.ReflectiveCallable.run(ReflectiveCallable.java:12)
	at org.junit.runners.model.FrameworkMethod.invokeExplosively(FrameworkMethod.java:56)
	at org.junit.internal.runners.statements.InvokeMethod.evaluate(InvokeMethod.java:17)
	at org.springframework.test.context.junit4.statements.RunBeforeTestExecutionCallbacks.evaluate(RunBeforeTestExecutionCallbacks.java:74)
	at org.springframework.test.context.junit4.statements.RunAfterTestExecutionCallbacks.evaluate(RunAfterTestExecutionCallbacks.java:84)
	at org.springframework.test.context.junit4.statements.RunBeforeTestMethodCallbacks.evaluate(RunBeforeTestMethodCallbacks.java:75)
	at org.springframework.test.context.junit4.statements.RunAfterTestMethodCallbacks.evaluate(RunAfterTestMethodCallbacks.java:86)
	at org.springframework.test.context.junit4.statements.SpringRepeat.evaluate(SpringRepeat.java:84)
	at org.junit.runners.ParentRunner.runLeaf(ParentRunner.java:366)
	at org.springframework.test.context.junit4.SpringJUnit4ClassRunner.runChild(SpringJUnit4ClassRunner.java:251)
	at org.springframework.test.context.junit4.SpringJUnit4ClassRunner.runChild(SpringJUnit4ClassRunner.java:97)
	at org.junit.runners.ParentRunner$4.run(ParentRunner.java:331)
	at org.junit.runners.ParentRunner$1.schedule(ParentRunner.java:79)
	at org.junit.runners.ParentRunner.runChildren(ParentRunner.java:329)
	at org.junit.runners.ParentRunner.access$100(ParentRunner.java:66)
	at org.junit.runners.ParentRunner$2.evaluate(ParentRunner.java:293)
	at org.springframework.test.context.junit4.statements.RunBeforeTestClassCallbacks.evaluate(RunBeforeTestClassCallbacks.java:61)
	at org.springframework.test.context.junit4.statements.RunAfterTestClassCallbacks.evaluate(RunAfterTestClassCallbacks.java:70)
	at org.junit.runners.ParentRunner$3.evaluate(ParentRunner.java:306)
	at org.junit.runners.ParentRunner.run(ParentRunner.java:413)
	at org.springframework.test.context.junit4.SpringJUnit4ClassRunner.run(SpringJUnit4ClassRunner.java:190)
	at org.apache.maven.surefire.junit4.JUnit4Provider.execute(JUnit4Provider.java:252)
	at org.apache.maven.surefire.junit4.JUnit4Provider.executeTestSet(JUnit4Provider.java:141)
	at org.apache.maven.surefire.junit4.JUnit4Provider.invoke(JUnit4Provider.java:112)
	at java.base/jdk.internal.reflect.NativeMethodAccessorImpl.invoke0(Native Method)
	at java.base/jdk.internal.reflect.NativeMethodAccessorImpl.invoke(NativeMethodAccessorImpl.java:62)
	at java.base/jdk.internal.reflect.DelegatingMethodAccessorImpl.invoke(DelegatingMethodAccessorImpl.java:43)
	at java.base/java.lang.reflect.Method.invoke(Method.java:566)
	at org.apache.maven.surefire.util.ReflectionUtils.invokeMethodWithArray(ReflectionUtils.java:189)
	at org.apache.maven.surefire.booter.ProviderFactory$ProviderProxy.invoke(ProviderFactory.java:165)
	at org.apache.maven.surefire.booter.ProviderFactory.invokeProvider(ProviderFactory.java:85)
	at org.apache.maven.surefire.booter.ForkedBooter.runSuitesInProcess(ForkedBooter.java:115)
	at org.apache.maven.surefire.booter.ForkedBooter.main(ForkedBooter.java:75)
Caused by: org.apache.ibatis.exceptions.TooManyResultsException: Expected one result (or null) to be returned by selectOne(), but found: 3
	at org.apache.ibatis.session.defaults.DefaultSqlSession.selectOne(DefaultSqlSession.java:80)
	at java.base/jdk.internal.reflect.NativeMethodAccessorImpl.invoke0(Native Method)
	at java.base/jdk.internal.reflect.NativeMethodAccessorImpl.invoke(NativeMethodAccessorImpl.java:62)
	at java.base/jdk.internal.reflect.DelegatingMethodAccessorImpl.invoke(DelegatingMethodAccessorImpl.java:43)
	at java.base/java.lang.reflect.Method.invoke(Method.java:566)
	at org.mybatis.spring.SqlSessionTemplate$SqlSessionInterceptor.invoke(SqlSessionTemplate.java:433)
	... 45 more
</error>
    <system-out>2022-01-30 22:55:03,694 DEBUG [com.springprj.www.repository.TVDAO.selectOneTVReview] ==&gt;  Preparing: select * from tv_review where tvid = ? and writer = ?
2022-01-30 22:55:03,697 DEBUG [com.springprj.www.repository.TVDAO.selectOneTVReview] ==&gt; Parameters: 123(Long), 123@123.com(String)
2022-01-30 22:55:03,698  INFO [jdbc.sqlonly] select * from tv_review where tvid = 123 and writer = &apos;123@123.com&apos; 

2022-01-30 22:55:03,706  INFO [jdbc.resultsettable] 
|------------|-----|--------------------|--------------------|-----------------|
|writer      |tvid |reg_at              |mod_at              |content          |
|------------|-----|--------------------|--------------------|-----------------|
|123@123.com |123  |2022-01-26 17:22:58 |2022-01-30 00:50:03 |modified Content |
|123@123.com |123  |2022-01-30 00:50:03 |2022-01-30 00:50:03 |test Content     |
|123@123.com |123  |2022-01-30 22:51:56 |2022-01-30 22:51:56 |test Content     |
|------------|-----|--------------------|--------------------|-----------------|

2022-01-30 22:55:03,706 DEBUG [com.springprj.www.repository.TVDAO.selectOneTVReview] &lt;==      Total: 3
</system-out>
  </testcase>
  <testcase classname="com.springprj.www.repository.TVDAOTest" name="deleteRating" time="0"/>
  <testcase classname="com.springprj.www.repository.TVDAOTest" name="getAvgRating" time="0.002"/>
  <testcase classname="com.springprj.www.repository.TVDAOTest" name="getLikeCount" time="0.007"/>
  <testcase classname="com.springprj.www.repository.TVDAOTest" name="getLikedTVList" time="0.013"/>
  <testcase classname="com.springprj.www.repository.TVDAOTest" name="insertTV" time="0.016"/>
  <testcase classname="com.springprj.www.repository.TVDAOTest" name="getRatedTVList" time="0.011"/>
  <testcase classname="com.springprj.www.repository.TVDAOTest" name="insertRating" time="0.203"/>
  <testcase classname="com.springprj.www.repository.TVDAOTest" name="insertReview" time="0.006"/>
  <testcase classname="com.springprj.www.repository.TVDAOTest" name="insertLike" time="0.01"/>
  <testcase classname="com.springprj.www.repository.TVDAOTest" name="deleteLike" time="0.004"/>
  <testcase classname="com.springprj.www.repository.TVDAOTest" name="getReviewList" time="0.014"/>
</testsuite>